
Circuit 1 cell sky130_fd_pr__pfet_01v8 and Circuit 2 cell sky130_fd_pr__pfet_01v8 are black boxes.
Warning: Equate pins:  cell sky130_fd_pr__pfet_01v8 is a placeholder, treated as a black box.
Warning: Equate pins:  cell sky130_fd_pr__pfet_01v8 is a placeholder, treated as a black box.

Subcircuit pins:
Circuit 1: sky130_fd_pr__pfet_01v8         |Circuit 2: sky130_fd_pr__pfet_01v8         
-------------------------------------------|-------------------------------------------
1                                          |1                                          
2                                          |2                                          
3                                          |3                                          
4                                          |4                                          
---------------------------------------------------------------------------------------
Cell pin lists are equivalent.
Device classes sky130_fd_pr__pfet_01v8 and sky130_fd_pr__pfet_01v8 are equivalent.
Flattening unmatched subcell sky130_fd_pr__pfet_01v8_4TGZK8 in circuit PMOS_VIN_VIP_OUT (0)(4 instances)
Flattening unmatched subcell sky130_fd_pr__pfet_01v8_2XUZHN in circuit PMOS_VIN_VIP_OUT (0)(4 instances)
Flattening unmatched subcell sky130_fd_pr__pfet_01v8_7WEZ7N in circuit PMOS_VIN_VIP_OUT (0)(4 instances)

Class PMOS_VIN_VIP_OUT (0):  Merged 8 parallel devices.
Subcircuit summary:
Circuit 1: PMOS_VIN_VIP_OUT                |Circuit 2: PMOS_VIN_VIP_OUT                
-------------------------------------------|-------------------------------------------
sky130_fd_pr__pfet_01v8 (12->4)            |sky130_fd_pr__pfet_01v8 (12->4)            
Number of devices: 4                       |Number of devices: 4                       
Number of nets: 6                          |Number of nets: 6                          
---------------------------------------------------------------------------------------
Resolving symmetries by property value.
Resolving symmetries by pin name.
Netlists match uniquely.

Subcircuit pins:
Circuit 1: PMOS_VIN_VIP_OUT                |Circuit 2: PMOS_VIN_VIP_OUT                
-------------------------------------------|-------------------------------------------
VIN                                        |VIN                                        
VIP                                        |VIP                                        
D5                                         |D5                                         
VDD                                        |VDD                                        
D6                                         |D6                                         
OUT                                        |OUT                                        
---------------------------------------------------------------------------------------
Cell pin lists are equivalent.
Device classes PMOS_VIN_VIP_OUT and PMOS_VIN_VIP_OUT are equivalent.

Final result: Circuits match uniquely.
.
