
Circuit 1 cell sky130_fd_pr__nfet_01v8 and Circuit 2 cell sky130_fd_pr__nfet_01v8 are black boxes.
Warning: Equate pins:  cell sky130_fd_pr__nfet_01v8 is a placeholder, treated as a black box.
Warning: Equate pins:  cell sky130_fd_pr__nfet_01v8 is a placeholder, treated as a black box.

Subcircuit pins:
Circuit 1: sky130_fd_pr__nfet_01v8         |Circuit 2: sky130_fd_pr__nfet_01v8         
-------------------------------------------|-------------------------------------------
1                                          |1                                          
2                                          |2                                          
3                                          |3                                          
4                                          |4                                          
---------------------------------------------------------------------------------------
Cell pin lists are equivalent.
Device classes sky130_fd_pr__nfet_01v8 and sky130_fd_pr__nfet_01v8 are equivalent.
Flattening unmatched subcell sky130_fd_pr__nfet_01v8_EH54LQ in circuit NMOS_RS (0)(2 instances)
Flattening unmatched subcell sky130_fd_pr__nfet_01v8_TC9PLT in circuit NMOS_RS (0)(4 instances)

Class NMOS_RS (0):  Merged 4 parallel devices.
Subcircuit summary:
Circuit 1: NMOS_RS                         |Circuit 2: NMOS_RS                         
-------------------------------------------|-------------------------------------------
sky130_fd_pr__nfet_01v8 (8->4)             |sky130_fd_pr__nfet_01v8 (8->4)             
Number of devices: 4                       |Number of devices: 4                       
Number of nets: 4                          |Number of nets: 4                          
---------------------------------------------------------------------------------------
Netlists match uniquely.

Subcircuit pins:
Circuit 1: NMOS_RS                         |Circuit 2: NMOS_RS                         
-------------------------------------------|-------------------------------------------
GND                                        |GND                                        
D3                                         |D3                                         
D4                                         |D4                                         
RS                                         |RS                                         
---------------------------------------------------------------------------------------
Cell pin lists are equivalent.
Device classes NMOS_RS and NMOS_RS are equivalent.

Final result: Circuits match uniquely.
.
