
Circuit 1 cell sky130_fd_pr__nfet_01v8 and Circuit 2 cell sky130_fd_pr__nfet_01v8 are black boxes.
Warning: Equate pins:  cell sky130_fd_pr__nfet_01v8 is a placeholder, treated as a black box.
Warning: Equate pins:  cell sky130_fd_pr__nfet_01v8 is a placeholder, treated as a black box.

Subcircuit pins:
Circuit 1: sky130_fd_pr__nfet_01v8         |Circuit 2: sky130_fd_pr__nfet_01v8         
-------------------------------------------|-------------------------------------------
1                                          |1                                          
2                                          |2                                          
3                                          |3                                          
4                                          |4                                          
---------------------------------------------------------------------------------------
Cell pin lists are equivalent.
Device classes sky130_fd_pr__nfet_01v8 and sky130_fd_pr__nfet_01v8 are equivalent.
Flattening unmatched subcell sky130_fd_pr__nfet_01v8_5MNGEB in circuit NMOS_commonsourcegnd (0)(4 instances)
Flattening unmatched subcell sky130_fd_pr__nfet_01v8_6H9P4D in circuit NMOS_commonsourcegnd (0)(8 instances)

Class NMOS_commonsourcegnd (0):  Merged 12 parallel devices.
Subcircuit summary:
Circuit 1: NMOS_commonsourcegnd            |Circuit 2: NMOS_commonsourcegnd            
-------------------------------------------|-------------------------------------------
sky130_fd_pr__nfet_01v8 (16->4)            |sky130_fd_pr__nfet_01v8 (16->4)            
Number of devices: 4                       |Number of devices: 4                       
Number of nets: 3                          |Number of nets: 3                          
---------------------------------------------------------------------------------------
Netlists match uniquely.

Subcircuit pins:
Circuit 1: NMOS_commonsourcegnd            |Circuit 2: NMOS_commonsourcegnd            
-------------------------------------------|-------------------------------------------
OUT                                        |OUT                                        
D8                                         |D8                                         
GND                                        |GND                                        
---------------------------------------------------------------------------------------
Cell pin lists are equivalent.
Device classes NMOS_commonsourcegnd and NMOS_commonsourcegnd are equivalent.

Final result: Circuits match uniquely.
.
